<?xml version="1.0" encoding="UTF-8"?>
<testsuite name="PhoneBookTest" tests="1" skipped="0" failures="0" errors="0" timestamp="2021-02-16T04:53:16" hostname="XPS-L702X" time="98.953">
  <properties/>
  <testcase name="start" classname="PhoneBookTest" time="98.953"/>
  <system-out><![CDATA[?[1;31m
Start test 1?[0m
Start searching (linear search)...
Found 500 / 500 entries. Time taken: 0 min. 7 sec. 517 ms.

Start searching (bubble sort + jump search)...
Found 500 / 500 entries. Time taken: 1 min. 22 sec. 813 ms.
Sorting time: 1 min. 15 sec. 253 ms. - STOPPED, moved to linear search
Searching time: 0 min. 7 sec. 560 ms.

Start searching (quick sort + binary search)...
Found 500 / 500 entries. Time taken: 0 min. 5 sec. 386 ms.
Sorting time: 0 min. 5 sec. 379 ms.
Searching time: 0 min. 0 sec. 7 ms.

Start searching (hash table)...
Found 500 / 500 entries. Time taken: 0 min. 1 sec. 504 ms.
Creating time: 0 min. 1 sec. 499 ms.
Searching time: 0 min. 0 sec. 5 ms.
]]></system-out>
  <system-err><![CDATA[]]></system-err>
</testsuite>
