<?xml version="1.0" encoding="UTF-8"?>
<testsuite name="PhoneBookTest" tests="1" skipped="0" failures="0" errors="0" timestamp="2021-02-13T12:27:20" hostname="XPS-L702X" time="387.827">
  <properties/>
  <testcase name="start" classname="PhoneBookTest" time="387.827"/>
  <system-out><![CDATA[?[1;31m
Start test 1?[0m
Start searching (linear search)...
Found 500 / 500 entries. Time taken: 0 min. 31 sec. 99 ms.

Start searching (bubble sort + jump search)...
Found 500 / 500 entries. Time taken: 5 min. 46 sec. 251 ms.
Sorting time: 5 min. 11 sec. 60 ms. - STOPPED, moved to linear search
Searching time: 0 min. 35 sec. 191 ms.

Start searching (quick sort + binary search)...
Found 500 / 500 entries. Time taken: 0 min. 8 sec. 942 ms.
Sorting time: 0 min. 8 sec. 932 ms.
Searching time: 0 min. 0 sec. 10 ms.
]]></system-out>
  <system-err><![CDATA[]]></system-err>
</testsuite>
